<?xml version="1.0" encoding="UTF-8"?>
<!-- Generated by org.testng.reporters.JUnitXMLReporter -->
<testsuite hostname="ASDP1493PO01976" name="Default test" tests="3" failures="1" timestamp="28 Jun 2018 05:44:41 GMT" time="8.711" errors="0">
  <testcase name="check_whether_url_opens" time="2.151" classname="com.qait.advanced_tatoc.advanced_tatoc.AppTest"/>
  <testcase name="hovermenu" time="0.23" classname="com.qait.advanced_tatoc.advanced_tatoc.AppTest"/>
  <testcase name="query_gate" time="1.503" classname="com.qait.advanced_tatoc.advanced_tatoc.AppTest">
    <failure type="org.junit.ComparisonFailure" message="expected:&amp;lt;...p://10.0.1.86/tatoc/[advanced/query/gate]&amp;gt; but was:&amp;lt;...p://10.0.1.86/tatoc/[error]&amp;gt;">
      <![CDATA[org.junit.ComparisonFailure: expected:<...p://10.0.1.86/tatoc/[advanced/query/gate]> but was:<...p://10.0.1.86/tatoc/[error]>
	at org.junit.Assert.assertEquals(Assert.java:125)
	at org.junit.Assert.assertEquals(Assert.java:147)
	at com.qait.advanced_tatoc.advanced_tatoc.query_gate.proceed(query_gate.java:55)
	at com.qait.advanced_tatoc.advanced_tatoc.AppTest.query_gate(AppTest.java:38)
	at sun.reflect.NativeMethodAccessorImpl.invoke0(Native Method)
	at sun.reflect.NativeMethodAccessorImpl.invoke(Unknown Source)
	at sun.reflect.DelegatingMethodAccessorImpl.invoke(Unknown Source)
	at java.lang.reflect.Method.invoke(Unknown Source)
	at org.testng.internal.MethodInvocationHelper.invokeMethod(MethodInvocationHelper.java:80)
	at org.testng.internal.Invoker.invokeMethod(Invoker.java:714)
	at org.testng.internal.Invoker.invokeTestMethod(Invoker.java:901)
	at org.testng.internal.Invoker.invokeTestMethods(Invoker.java:1231)
	at org.testng.internal.TestMethodWorker.invokeTestMethods(TestMethodWorker.java:127)
	at org.testng.internal.TestMethodWorker.run(TestMethodWorker.java:111)
	at org.testng.TestRunner.privateRun(TestRunner.java:767)
	at org.testng.TestRunner.run(TestRunner.java:617)
	at org.testng.SuiteRunner.runTest(SuiteRunner.java:334)
	at org.testng.SuiteRunner.runSequentially(SuiteRunner.java:329)
	at org.testng.SuiteRunner.privateRun(SuiteRunner.java:291)
	at org.testng.SuiteRunner.run(SuiteRunner.java:240)
	at org.testng.SuiteRunnerWorker.runSuite(SuiteRunnerWorker.java:52)
	at org.testng.SuiteRunnerWorker.run(SuiteRunnerWorker.java:86)
	at org.testng.TestNG.runSuitesSequentially(TestNG.java:1198)
	at org.testng.TestNG.runSuitesLocally(TestNG.java:1123)
	at org.testng.TestNG.run(TestNG.java:1031)
	at org.testng.remote.AbstractRemoteTestNG.run(AbstractRemoteTestNG.java:114)
	at org.testng.remote.RemoteTestNG.initAndRun(RemoteTestNG.java:251)
	at org.testng.remote.RemoteTestNG.main(RemoteTestNG.java:77)
]]>
    </failure>
  </testcase> <!-- query_gate -->
</testsuite> <!-- Default test -->
