<?xml version="1.0" encoding="UTF-8"?>
<testng-results skipped="0" failed="1" total="3" passed="2">
  <reporter-output>
  </reporter-output>
  <suite name="Default suite" duration-ms="8711" started-at="2018-06-28T05:44:32Z" finished-at="2018-06-28T05:44:41Z">
    <groups>
    </groups>
    <test name="Default test" duration-ms="8711" started-at="2018-06-28T05:44:32Z" finished-at="2018-06-28T05:44:41Z">
      <class name="com.qait.advanced_tatoc.advanced_tatoc.AppTest">
        <test-method status="PASS" signature="run()[pri:0, instance:com.qait.advanced_tatoc.advanced_tatoc.AppTest@4f933fd1]" name="run" is-config="true" duration-ms="4811" started-at="2018-06-28T11:14:32Z" finished-at="2018-06-28T11:14:37Z">
          <reporter-output>
          </reporter-output>
        </test-method> <!-- run -->
        <test-method status="PASS" signature="check_whether_url_opens()[pri:0, instance:com.qait.advanced_tatoc.advanced_tatoc.AppTest@4f933fd1]" name="check_whether_url_opens" duration-ms="2151" started-at="2018-06-28T11:14:37Z" finished-at="2018-06-28T11:14:39Z">
          <reporter-output>
          </reporter-output>
        </test-method> <!-- check_whether_url_opens -->
        <test-method status="PASS" signature="hovermenu()[pri:0, instance:com.qait.advanced_tatoc.advanced_tatoc.AppTest@4f933fd1]" name="hovermenu" duration-ms="230" started-at="2018-06-28T11:14:39Z" depends-on-methods="com.qait.advanced_tatoc.advanced_tatoc.AppTest.check_whether_url_opens" finished-at="2018-06-28T11:14:39Z">
          <reporter-output>
          </reporter-output>
        </test-method> <!-- hovermenu -->
        <test-method status="FAIL" signature="query_gate()[pri:0, instance:com.qait.advanced_tatoc.advanced_tatoc.AppTest@4f933fd1]" name="query_gate" duration-ms="1503" started-at="2018-06-28T11:14:39Z" depends-on-methods="com.qait.advanced_tatoc.advanced_tatoc.AppTest.hovermenu" finished-at="2018-06-28T11:14:41Z">
          <exception class="org.junit.ComparisonFailure">
            <message>
              <![CDATA[expected:<...p://10.0.1.86/tatoc/[advanced/query/gate]> but was:<...p://10.0.1.86/tatoc/[error]>]]>
            </message>
            <full-stacktrace>
              <![CDATA[org.junit.ComparisonFailure: expected:<...p://10.0.1.86/tatoc/[advanced/query/gate]> but was:<...p://10.0.1.86/tatoc/[error]>
	at org.junit.Assert.assertEquals(Assert.java:125)
	at org.junit.Assert.assertEquals(Assert.java:147)
	at com.qait.advanced_tatoc.advanced_tatoc.query_gate.proceed(query_gate.java:55)
	at com.qait.advanced_tatoc.advanced_tatoc.AppTest.query_gate(AppTest.java:38)
	at sun.reflect.NativeMethodAccessorImpl.invoke0(Native Method)
	at sun.reflect.NativeMethodAccessorImpl.invoke(Unknown Source)
	at sun.reflect.DelegatingMethodAccessorImpl.invoke(Unknown Source)
	at java.lang.reflect.Method.invoke(Unknown Source)
	at org.testng.internal.MethodInvocationHelper.invokeMethod(MethodInvocationHelper.java:80)
	at org.testng.internal.Invoker.invokeMethod(Invoker.java:714)
	at org.testng.internal.Invoker.invokeTestMethod(Invoker.java:901)
	at org.testng.internal.Invoker.invokeTestMethods(Invoker.java:1231)
	at org.testng.internal.TestMethodWorker.invokeTestMethods(TestMethodWorker.java:127)
	at org.testng.internal.TestMethodWorker.run(TestMethodWorker.java:111)
	at org.testng.TestRunner.privateRun(TestRunner.java:767)
	at org.testng.TestRunner.run(TestRunner.java:617)
	at org.testng.SuiteRunner.runTest(SuiteRunner.java:334)
	at org.testng.SuiteRunner.runSequentially(SuiteRunner.java:329)
	at org.testng.SuiteRunner.privateRun(SuiteRunner.java:291)
	at org.testng.SuiteRunner.run(SuiteRunner.java:240)
	at org.testng.SuiteRunnerWorker.runSuite(SuiteRunnerWorker.java:52)
	at org.testng.SuiteRunnerWorker.run(SuiteRunnerWorker.java:86)
	at org.testng.TestNG.runSuitesSequentially(TestNG.java:1198)
	at org.testng.TestNG.runSuitesLocally(TestNG.java:1123)
	at org.testng.TestNG.run(TestNG.java:1031)
	at org.testng.remote.AbstractRemoteTestNG.run(AbstractRemoteTestNG.java:114)
	at org.testng.remote.RemoteTestNG.initAndRun(RemoteTestNG.java:251)
	at org.testng.remote.RemoteTestNG.main(RemoteTestNG.java:77)
]]>
            </full-stacktrace>
          </exception> <!-- org.junit.ComparisonFailure -->
          <reporter-output>
          </reporter-output>
        </test-method> <!-- query_gate -->
      </class> <!-- com.qait.advanced_tatoc.advanced_tatoc.AppTest -->
    </test> <!-- Default test -->
  </suite> <!-- Default suite -->
</testng-results>
